<?xml version="1.0" encoding="UTF-8"?>
<testng-results skipped="0" failed="0" total="1" passed="1">
  <reporter-output>
  </reporter-output>
  <suite name="Default suite" duration-ms="74" started-at="2019-06-04T13:36:38Z" finished-at="2019-06-04T13:36:38Z">
    <groups>
    </groups>
    <test name="Default test" duration-ms="74" started-at="2019-06-04T13:36:38Z" finished-at="2019-06-04T13:36:38Z">
      <class name="learn_TestNg.TestNg_ParameterTest">
        <test-method status="PASS" signature="test(java.lang.String, java.lang.String)[pri:0, instance:learn_TestNg.TestNg_ParameterTest@4de8b406]" name="test" duration-ms="36" started-at="2019-06-04T19:06:38Z" finished-at="2019-06-04T19:06:38Z">
          <params>
            <param index="0">
              <value>
                <![CDATA[myfirstvalue]]>
              </value>
            </param>
            <param index="1">
              <value>
                <![CDATA[mysecondvalue]]>
              </value>
            </param>
          </params>
          <reporter-output>
          </reporter-output>
        </test-method> <!-- test -->
      </class> <!-- learn_TestNg.TestNg_ParameterTest -->
    </test> <!-- Default test -->
  </suite> <!-- Default suite -->
</testng-results>
